<?xml version="1.0" encoding="UTF-8"?>
<!-- Generated by org.testng.reporters.JUnitReportReporter -->
<testsuite hostname="DESKTOP-M2I8052" failures="0" tests="1" name="TestNG.TestNGFile" time="6.794" errors="0" timestamp="2021-10-30T20:09:14 IST" skipped="0">
  <testcase classname="TestNG.TestNGFile" name="testCases" time="6.794"/>
  <system-out/>
</testsuite> <!-- TestNG.TestNGFile -->
