<?xml version="1.0" encoding="UTF-8"?>
<!-- Generated by org.testng.reporters.JUnitReportReporter -->
<testsuite hostname="DESKTOP-M2I8052" failures="0" tests="1" name="PageObjectModel.TestCase" time="15.230" errors="0" timestamp="2021-10-30T20:30:05 IST" skipped="0">
  <testcase classname="PageObjectModel.TestCase" name="launchBrowser" time="15.230"/>
  <system-out/>
</testsuite> <!-- PageObjectModel.TestCase -->
